<?xml version='1.0' encoding='UTF-8'?>
<testsuite hostname="codespaces-d34310" name="PlicGatewayTest" tests="1" errors="0" failures="0" skipped="0" time="1.149" timestamp="2026-01-22T14:32:25">
          <properties>
[...]
</properties>
          <testcase classname="PlicGatewayTest" name="PlicGateway should assert ip on rising edge and clear on claim/complete" time="1.149">
                      
                    </testcase>
          <system-out><![CDATA[]]></system-out>
          <system-err><![CDATA[]]></system-err>
        </testsuite>